鬠ｿStarting project at C:¥ECOTRACK¥ecotrack-mobile
Starting Metro Bundler

node.exe : The following 
packages should be 
updated for best 
compatibility with the 
installed expo version:
At line:1 char:1
+ & "C:¥Program 
Files¥nodejs/node.exe" 
"C:¥Program 
Files¥nodejs/node_mo ...
+ ‾‾‾‾‾‾‾‾‾‾‾‾‾‾‾‾‾‾‾‾‾‾‾‾
‾‾‾‾‾‾‾‾‾‾‾‾‾‾‾‾‾‾‾‾‾‾‾‾‾‾
‾‾‾‾‾‾‾‾‾‾‾‾‾‾‾‾‾‾‾
    + CategoryInfo        
      : NotSpecified: (T  
  he following p...d ex   
 po version::String) [    
], RemoteException
    + FullyQualifiedError 
   Id : NativeCommandErr  
  or
 
  @expo/metro-runtime@55.0
.6 - expected version: 
‾55.0.9
  expo@55.0.4 - expected 
version: ‾55.0.11
  expo-status-bar@55.0.4 
- expected version: 
‾55.0.5
  react-native@0.83.2 - 
expected version: 0.83.4
Your project may not work 
correctly until you 
install the expected 
versions of the packages.
ﾎ禿勌舞 Opening exp://172.17.88.198:8081 on Medium_Phone
- Fetching Expo Go
- Installing Expo Go on Medium_Phone
Waiting on http://localhost:8081
Logs for your project will appear below.
Android .¥index.js ﾎ禿ｻﾃｦﾎ禿ｻﾃｦﾎ禿ｻﾃｦﾎ禿ｻﾃｦﾎ禿ｻﾃｦﾎ禿ｻﾃｦﾎ禿ｻﾃｦﾎ禿ｻﾃｦﾎ禿ｻﾃｦﾎ禿ｻﾃｦﾎ禿ｻﾃｦﾎ禿ｻﾃｦﾎ禿ｻﾃｦﾎ禿ｻﾃｦﾎ禿ｻﾃｦﾎ禿ｻﾃｦ  0.0% (0/1)
Android .¥index.js ﾎ禿ｻﾃｴﾎ禿ｻﾃｴﾎ禿ｻﾃｴﾎ禿ｻﾃｦﾎ禿ｻﾃｦﾎ禿ｻﾃｦﾎ禿ｻﾃｦﾎ禿ｻﾃｦﾎ禿ｻﾃｦﾎ禿ｻﾃｦﾎ禿ｻﾃｦﾎ禿ｻﾃｦﾎ禿ｻﾃｦﾎ禿ｻﾃｦﾎ禿ｻﾃｦﾎ禿ｻﾃｦ 20.7% (  8/102)
Android .¥index.js ﾎ禿ｻﾃｴﾎ禿ｻﾃｴﾎ禿ｻﾃｴﾎ禿ｻﾃｦﾎ禿ｻﾃｦﾎ禿ｻﾃｦﾎ禿ｻﾃｦﾎ禿ｻﾃｦﾎ禿ｻﾃｦﾎ禿ｻﾃｦﾎ禿ｻﾃｦﾎ禿ｻﾃｦﾎ禿ｻﾃｦﾎ禿ｻﾃｦﾎ禿ｻﾃｦﾎ禿ｻﾃｦ 20.7% ( 34/184)
Android .¥index.js ﾎ禿ｻﾃｴﾎ禿ｻﾃｴﾎ禿ｻﾃｴﾎ禿ｻﾃｴﾎ禿ｻﾃｦﾎ禿ｻﾃｦﾎ禿ｻﾃｦﾎ禿ｻﾃｦﾎ禿ｻﾃｦﾎ禿ｻﾃｦﾎ禿ｻﾃｦﾎ禿ｻﾃｦﾎ禿ｻﾃｦﾎ禿ｻﾃｦﾎ禿ｻﾃｦﾎ禿ｻﾃｦ 30.7% (184/332)
Android .¥index.js ﾎ禿ｻﾃｴﾎ禿ｻﾃｴﾎ禿ｻﾃｴﾎ禿ｻﾃｴﾎ禿ｻﾃｴﾎ禿ｻﾃｴﾎ禿ｻﾃｴﾎ禿ｻﾃｦﾎ禿ｻﾃｦﾎ禿ｻﾃｦﾎ禿ｻﾃｦﾎ禿ｻﾃｦﾎ禿ｻﾃｦﾎ禿ｻﾃｦﾎ禿ｻﾃｦﾎ禿ｻﾃｦ 45.3% (309/482)
Android .¥index.js ﾎ禿ｻﾃｴﾎ禿ｻﾃｴﾎ禿ｻﾃｴﾎ禿ｻﾃｴﾎ禿ｻﾃｴﾎ禿ｻﾃｴﾎ禿ｻﾃｴﾎ禿ｻﾃｴﾎ禿ｻﾃｴﾎ禿ｻﾃｴﾎ禿ｻﾃｦﾎ禿ｻﾃｦﾎ禿ｻﾃｦﾎ禿ｻﾃｦﾎ禿ｻﾃｦﾎ禿ｻﾃｦ 68.4% (492/595)
Android .¥index.js ﾎ禿ｻﾃｦﾎ禿ｻﾃｦﾎ禿ｻﾃｦﾎ禿ｻﾃｦﾎ禿ｻﾃｦﾎ禿ｻﾃｦﾎ禿ｻﾃｦﾎ禿ｻﾃｦﾎ禿ｻﾃｦﾎ禿ｻﾃｦﾎ禿ｻﾃｦﾎ禿ｻﾃｦﾎ禿ｻﾃｦﾎ禿ｻﾃｦﾎ禿ｻﾃｦﾎ禿ｻﾃｦ  0.0% (0/1)
Android .¥index.js ﾎ禿ｻﾃｴﾎ禿ｻﾃｴﾎ禿ｻﾃｴﾎ禿ｻﾃｴﾎ禿ｻﾃｴﾎ禿ｻﾃｴﾎ禿ｻﾃｴﾎ禿ｻﾃｴﾎ禿ｻﾃｴﾎ禿ｻﾃｴﾎ禿ｻﾃｴﾎ禿ｻﾃｴﾎ禿ｻﾃｦﾎ禿ｻﾃｦﾎ禿ｻﾃｦﾎ禿ｻﾃｦ 76.5% (600/694)
Android .¥index.js ﾎ禿ｻﾃｦﾎ禿ｻﾃｦﾎ禿ｻﾃｦﾎ禿ｻﾃｦﾎ禿ｻﾃｦﾎ禿ｻﾃｦﾎ禿ｻﾃｦﾎ禿ｻﾃｦﾎ禿ｻﾃｦﾎ禿ｻﾃｦﾎ禿ｻﾃｦﾎ禿ｻﾃｦﾎ禿ｻﾃｦﾎ禿ｻﾃｦﾎ禿ｻﾃｦﾎ禿ｻﾃｦ  0.0% (0/1)
Android .¥index.js ﾎ禿ｻﾃｴﾎ禿ｻﾃｴﾎ禿ｻﾃｴﾎ禿ｻﾃｴﾎ禿ｻﾃｴﾎ禿ｻﾃｴﾎ禿ｻﾃｴﾎ禿ｻﾃｴﾎ禿ｻﾃｴﾎ禿ｻﾃｴﾎ禿ｻﾃｴﾎ禿ｻﾃｴﾎ禿ｻﾃｴﾎ禿ｻﾃｦﾎ禿ｻﾃｦﾎ禿ｻﾃｦ 81.3% ( 694/2482)
Android .¥index.js ﾎ禿ｻﾃｦﾎ禿ｻﾃｦﾎ禿ｻﾃｦﾎ禿ｻﾃｦﾎ禿ｻﾃｦﾎ禿ｻﾃｦﾎ禿ｻﾃｦﾎ禿ｻﾃｦﾎ禿ｻﾃｦﾎ禿ｻﾃｦﾎ禿ｻﾃｦﾎ禿ｻﾃｦﾎ禿ｻﾃｦﾎ禿ｻﾃｦﾎ禿ｻﾃｦﾎ禿ｻﾃｦ  0.0% (0/1)
Android .¥index.js ﾎ禿ｻﾃｴﾎ禿ｻﾃｴﾎ禿ｻﾃｴﾎ禿ｻﾃｴﾎ禿ｻﾃｴﾎ禿ｻﾃｴﾎ禿ｻﾃｴﾎ禿ｻﾃｴﾎ禿ｻﾃｴﾎ禿ｻﾃｴﾎ禿ｻﾃｴﾎ禿ｻﾃｴﾎ禿ｻﾃｴﾎ禿ｻﾃｦﾎ禿ｻﾃｦﾎ禿ｻﾃｦ 81.3% (1193/2488)
Android .¥index.js ﾎ禿ｻﾃｦﾎ禿ｻﾃｦﾎ禿ｻﾃｦﾎ禿ｻﾃｦﾎ禿ｻﾃｦﾎ禿ｻﾃｦﾎ禿ｻﾃｦﾎ禿ｻﾃｦﾎ禿ｻﾃｦﾎ禿ｻﾃｦﾎ禿ｻﾃｦﾎ禿ｻﾃｦﾎ禿ｻﾃｦﾎ禿ｻﾃｦﾎ禿ｻﾃｦﾎ禿ｻﾃｦ  0.0% (0/1)
Android .¥index.js ﾎ禿ｻﾃｴﾎ禿ｻﾃｴﾎ禿ｻﾃｴﾎ禿ｻﾃｴﾎ禿ｻﾃｴﾎ禿ｻﾃｴﾎ禿ｻﾃｴﾎ禿ｻﾃｴﾎ禿ｻﾃｴﾎ禿ｻﾃｴﾎ禿ｻﾃｴﾎ禿ｻﾃｴﾎ禿ｻﾃｴﾎ禿ｻﾃｦﾎ禿ｻﾃｦﾎ禿ｻﾃｦ 81.3% (1810/2488)
Android .¥index.js ﾎ禿ｻﾃｦﾎ禿ｻﾃｦﾎ禿ｻﾃｦﾎ禿ｻﾃｦﾎ禿ｻﾃｦﾎ禿ｻﾃｦﾎ禿ｻﾃｦﾎ禿ｻﾃｦﾎ禿ｻﾃｦﾎ禿ｻﾃｦﾎ禿ｻﾃｦﾎ禿ｻﾃｦﾎ禿ｻﾃｦﾎ禿ｻﾃｦﾎ禿ｻﾃｦﾎ禿ｻﾃｦ  0.0% (0/1)
Android .¥index.js ﾎ禿ｻﾃｴﾎ禿ｻﾃｴﾎ禿ｻﾃｴﾎ禿ｻﾃｴﾎ禿ｻﾃｴﾎ禿ｻﾃｴﾎ禿ｻﾃｴﾎ禿ｻﾃｴﾎ禿ｻﾃｴﾎ禿ｻﾃｴﾎ禿ｻﾃｴﾎ禿ｻﾃｴﾎ禿ｻﾃｴﾎ禿ｻﾃｴﾎ禿ｻﾃｴﾎ禿ｻﾃｦ 95.0% (2443/2507)
Android .¥index.js ﾎ禿ｻﾃｦﾎ禿ｻﾃｦﾎ禿ｻﾃｦﾎ禿ｻﾃｦﾎ禿ｻﾃｦﾎ禿ｻﾃｦﾎ禿ｻﾃｦﾎ禿ｻﾃｦﾎ禿ｻﾃｦﾎ禿ｻﾃｦﾎ禿ｻﾃｦﾎ禿ｻﾃｦﾎ禿ｻﾃｦﾎ禿ｻﾃｦﾎ禿ｻﾃｦﾎ禿ｻﾃｦ  0.0% (0/1)
Android .¥index.js ﾎ禿ｻﾃｴﾎ禿ｻﾃｴﾎ禿ｻﾃｴﾎ禿ｻﾃｴﾎ禿ｻﾃｴﾎ禿ｻﾃｴﾎ禿ｻﾃｴﾎ禿ｻﾃｴﾎ禿ｻﾃｴﾎ禿ｻﾃｴﾎ禿ｻﾃｴﾎ禿ｻﾃｴﾎ禿ｻﾃｴﾎ禿ｻﾃｴﾎ禿ｻﾃｴﾎ禿ｻﾃｦ 98.5% (2681/2724)
Android .¥index.js ﾎ禿ｻﾃｦﾎ禿ｻﾃｦﾎ禿ｻﾃｦﾎ禿ｻﾃｦﾎ禿ｻﾃｦﾎ禿ｻﾃｦﾎ禿ｻﾃｦﾎ禿ｻﾃｦﾎ禿ｻﾃｦﾎ禿ｻﾃｦﾎ禿ｻﾃｦﾎ禿ｻﾃｦﾎ禿ｻﾃｦﾎ禿ｻﾃｦﾎ禿ｻﾃｦﾎ禿ｻﾃｦ  0.0% (0/1)
Android .¥index.js ﾎ禿ｻﾃｴﾎ禿ｻﾃｴﾎ禿ｻﾃｴﾎ禿ｻﾃｴﾎ禿ｻﾃｴﾎ禿ｻﾃｴﾎ禿ｻﾃｴﾎ禿ｻﾃｴﾎ禿ｻﾃｴﾎ禿ｻﾃｴﾎ禿ｻﾃｴﾎ禿ｻﾃｴﾎ禿ｻﾃｴﾎ禿ｻﾃｴﾎ禿ｻﾃｴﾎ禿ｻﾃｦ 99.9% (2761/2761)
Android .¥index.js ﾎ禿ｻﾃｦﾎ禿ｻﾃｦﾎ禿ｻﾃｦﾎ禿ｻﾃｦﾎ禿ｻﾃｦﾎ禿ｻﾃｦﾎ禿ｻﾃｦﾎ禿ｻﾃｦﾎ禿ｻﾃｦﾎ禿ｻﾃｦﾎ禿ｻﾃｦﾎ禿ｻﾃｦﾎ禿ｻﾃｦﾎ禿ｻﾃｦﾎ禿ｻﾃｦﾎ禿ｻﾃｦ  0.0% (0/1)
Android Bundled 43533ms index.js (2771 modules)
Android Bundled 29206ms index.js (1 module)
